2022-11-20 22:35:09.907  INFO 17696 --- [main] com.ms_person.MsPersonApplication        : Starting MsPersonApplication using Java 17.0.4.1 on DESKTOP-15E64H8 with PID 17696 (D:\JuanCondori\Documentos\IntelliJ_IDEA\PRS\PERSON\AZURE\ms-person\target\classes started by Juan Condori in D:\JuanCondori\Documentos\IntelliJ_IDEA\PRS\PERSON\AZURE\ms-person)
2022-11-20 22:35:09.934  INFO 17696 --- [main] com.ms_person.MsPersonApplication        : No active profile set, falling back to 1 default profile: "default"
2022-11-20 22:35:15.827  INFO 17696 --- [main] .s.d.r.c.RepositoryConfigurationDelegate : Bootstrapping Spring Data R2DBC repositories in DEFAULT mode.
2022-11-20 22:35:16.057  INFO 17696 --- [main] .s.d.r.c.RepositoryConfigurationDelegate : Finished Spring Data repository scanning in 194 ms. Found 1 R2DBC repository interfaces.
2022-11-20 22:35:16.883  INFO 17696 --- [main] o.s.cloud.context.scope.GenericScope     : BeanFactory id=93b7c92f-4db2-3c9a-a37c-f1a224732a3b
2022-11-20 22:35:17.274  INFO 17696 --- [main] trationDelegate$BeanPostProcessorChecker : Bean 'org.springframework.cloud.client.loadbalancer.reactive.LoadBalancerBeanPostProcessorAutoConfiguration' of type [org.springframework.cloud.client.loadbalancer.reactive.LoadBalancerBeanPostProcessorAutoConfiguration] is not eligible for getting processed by all BeanPostProcessors (for example: not eligible for auto-proxying)
2022-11-20 22:35:17.277  INFO 17696 --- [main] trationDelegate$BeanPostProcessorChecker : Bean 'org.springframework.cloud.client.loadbalancer.reactive.LoadBalancerBeanPostProcessorAutoConfiguration$ReactorDeferringLoadBalancerFilterConfig' of type [org.springframework.cloud.client.loadbalancer.reactive.LoadBalancerBeanPostProcessorAutoConfiguration$ReactorDeferringLoadBalancerFilterConfig] is not eligible for getting processed by all BeanPostProcessors (for example: not eligible for auto-proxying)
2022-11-20 22:35:17.282  INFO 17696 --- [main] trationDelegate$BeanPostProcessorChecker : Bean 'reactorDeferringLoadBalancerExchangeFilterFunction' of type [org.springframework.cloud.client.loadbalancer.reactive.DeferringLoadBalancerExchangeFilterFunction] is not eligible for getting processed by all BeanPostProcessors (for example: not eligible for auto-proxying)
2022-11-20 22:35:20.935  WARN 17696 --- [main] iguration$LoadBalancerCaffeineWarnLogger : Spring Cloud LoadBalancer is currently working with the default cache. While this cache implementation is useful for development and tests, it's recommended to use Caffeine cache in production.You can switch to using Caffeine cache, by adding it and org.springframework.cache.caffeine.CaffeineCacheManager to the classpath.
2022-11-20 22:35:21.806  INFO 17696 --- [main] o.s.b.web.embedded.netty.NettyWebServer  : Netty started on port 8085
2022-11-20 22:35:23.435  INFO 17696 --- [main] com.ms_person.MsPersonApplication        : Started MsPersonApplication in 15.438 seconds (JVM running for 60.599)
2022-11-20 22:35:50.858  INFO 17696 --- [reactor-http-nio-2] c.m.service.impl.PersonServiceImpl       : Mostrando todas las personas
2022-11-20 22:37:37.452  INFO 3620 --- [main] com.ms_person.MsPersonApplication        : Starting MsPersonApplication using Java 17.0.4.1 on DESKTOP-15E64H8 with PID 3620 (D:\JuanCondori\Documentos\IntelliJ_IDEA\PRS\PERSON\AZURE\ms-person\target\classes started by Juan Condori in D:\JuanCondori\Documentos\IntelliJ_IDEA\PRS\PERSON\AZURE\ms-person)
2022-11-20 22:37:37.462  INFO 3620 --- [main] com.ms_person.MsPersonApplication        : No active profile set, falling back to 1 default profile: "default"
2022-11-20 22:37:39.480  INFO 3620 --- [main] .s.d.r.c.RepositoryConfigurationDelegate : Bootstrapping Spring Data R2DBC repositories in DEFAULT mode.
2022-11-20 22:37:39.660  INFO 3620 --- [main] .s.d.r.c.RepositoryConfigurationDelegate : Finished Spring Data repository scanning in 167 ms. Found 1 R2DBC repository interfaces.
2022-11-20 22:37:40.201  INFO 3620 --- [main] o.s.cloud.context.scope.GenericScope     : BeanFactory id=93b7c92f-4db2-3c9a-a37c-f1a224732a3b
2022-11-20 22:37:40.780  INFO 3620 --- [main] trationDelegate$BeanPostProcessorChecker : Bean 'org.springframework.cloud.client.loadbalancer.reactive.LoadBalancerBeanPostProcessorAutoConfiguration' of type [org.springframework.cloud.client.loadbalancer.reactive.LoadBalancerBeanPostProcessorAutoConfiguration] is not eligible for getting processed by all BeanPostProcessors (for example: not eligible for auto-proxying)
2022-11-20 22:37:40.785  INFO 3620 --- [main] trationDelegate$BeanPostProcessorChecker : Bean 'org.springframework.cloud.client.loadbalancer.reactive.LoadBalancerBeanPostProcessorAutoConfiguration$ReactorDeferringLoadBalancerFilterConfig' of type [org.springframework.cloud.client.loadbalancer.reactive.LoadBalancerBeanPostProcessorAutoConfiguration$ReactorDeferringLoadBalancerFilterConfig] is not eligible for getting processed by all BeanPostProcessors (for example: not eligible for auto-proxying)
2022-11-20 22:37:40.797  INFO 3620 --- [main] trationDelegate$BeanPostProcessorChecker : Bean 'reactorDeferringLoadBalancerExchangeFilterFunction' of type [org.springframework.cloud.client.loadbalancer.reactive.DeferringLoadBalancerExchangeFilterFunction] is not eligible for getting processed by all BeanPostProcessors (for example: not eligible for auto-proxying)
2022-11-20 22:37:44.510  WARN 3620 --- [main] iguration$LoadBalancerCaffeineWarnLogger : Spring Cloud LoadBalancer is currently working with the default cache. While this cache implementation is useful for development and tests, it's recommended to use Caffeine cache in production.You can switch to using Caffeine cache, by adding it and org.springframework.cache.caffeine.CaffeineCacheManager to the classpath.
2022-11-20 22:37:45.150  INFO 3620 --- [main] o.s.b.web.embedded.netty.NettyWebServer  : Netty started on port 8085
2022-11-20 22:37:46.664  INFO 3620 --- [main] com.ms_person.MsPersonApplication        : Started MsPersonApplication in 12.181 seconds (JVM running for 17.489)
2022-11-20 22:37:52.534  INFO 3620 --- [reactor-http-nio-2] c.m.service.impl.PersonServiceImpl       : Mostrando todas las personas
2022-11-20 22:37:52.682 DEBUG 3620 --- [reactor-http-nio-2] o.s.d.r2dbc.core.NamedParameterExpander  : Expanding SQL statement [SELECT * FROM person ORDER BY id DESC] to [SELECT * FROM person ORDER BY id DESC]
2022-11-20 23:46:56.078  INFO 16732 --- [main] com.ms_person.MsPersonApplication        : Starting MsPersonApplication using Java 17.0.4.1 on DESKTOP-15E64H8 with PID 16732 (D:\JuanCondori\Documentos\IntelliJ_IDEA\PRS\PERSON\AZURE\ms-person\target\classes started by Juan Condori in D:\JuanCondori\Documentos\IntelliJ_IDEA\PRS\PERSON\AZURE\ms-person)
2022-11-20 23:46:56.087  INFO 16732 --- [main] com.ms_person.MsPersonApplication        : No active profile set, falling back to 1 default profile: "default"
2022-11-20 23:46:58.132  INFO 16732 --- [main] .s.d.r.c.RepositoryConfigurationDelegate : Bootstrapping Spring Data R2DBC repositories in DEFAULT mode.
2022-11-20 23:46:58.267  INFO 16732 --- [main] .s.d.r.c.RepositoryConfigurationDelegate : Finished Spring Data repository scanning in 133 ms. Found 1 R2DBC repository interfaces.
2022-11-20 23:46:58.817  INFO 16732 --- [main] o.s.cloud.context.scope.GenericScope     : BeanFactory id=93b7c92f-4db2-3c9a-a37c-f1a224732a3b
2022-11-20 23:46:59.106  INFO 16732 --- [main] trationDelegate$BeanPostProcessorChecker : Bean 'org.springframework.cloud.client.loadbalancer.reactive.LoadBalancerBeanPostProcessorAutoConfiguration' of type [org.springframework.cloud.client.loadbalancer.reactive.LoadBalancerBeanPostProcessorAutoConfiguration] is not eligible for getting processed by all BeanPostProcessors (for example: not eligible for auto-proxying)
2022-11-20 23:46:59.106  INFO 16732 --- [main] trationDelegate$BeanPostProcessorChecker : Bean 'org.springframework.cloud.client.loadbalancer.reactive.LoadBalancerBeanPostProcessorAutoConfiguration$ReactorDeferringLoadBalancerFilterConfig' of type [org.springframework.cloud.client.loadbalancer.reactive.LoadBalancerBeanPostProcessorAutoConfiguration$ReactorDeferringLoadBalancerFilterConfig] is not eligible for getting processed by all BeanPostProcessors (for example: not eligible for auto-proxying)
2022-11-20 23:46:59.106  INFO 16732 --- [main] trationDelegate$BeanPostProcessorChecker : Bean 'reactorDeferringLoadBalancerExchangeFilterFunction' of type [org.springframework.cloud.client.loadbalancer.reactive.DeferringLoadBalancerExchangeFilterFunction] is not eligible for getting processed by all BeanPostProcessors (for example: not eligible for auto-proxying)
2022-11-20 23:47:02.987  WARN 16732 --- [main] iguration$LoadBalancerCaffeineWarnLogger : Spring Cloud LoadBalancer is currently working with the default cache. While this cache implementation is useful for development and tests, it's recommended to use Caffeine cache in production.You can switch to using Caffeine cache, by adding it and org.springframework.cache.caffeine.CaffeineCacheManager to the classpath.
2022-11-20 23:47:04.075  INFO 16732 --- [main] o.s.b.web.embedded.netty.NettyWebServer  : Netty started on port 8085
2022-11-20 23:47:05.699  INFO 16732 --- [main] com.ms_person.MsPersonApplication        : Started MsPersonApplication in 12.487 seconds (JVM running for 16.863)
2022-11-20 23:48:40.542  INFO 16732 --- [reactor-http-nio-3] c.m.service.impl.PersonServiceImpl       : Mostrando todas las personas
2022-11-20 23:48:40.982 DEBUG 16732 --- [reactor-http-nio-3] o.s.d.r2dbc.core.NamedParameterExpander  : Expanding SQL statement [SELECT * FROM person ORDER BY id DESC] to [SELECT * FROM person ORDER BY id DESC]
2022-11-20 23:50:05.401  INFO 16732 --- [reactor-http-nio-4] c.m.service.impl.PersonServiceImpl       : Persona encontrada con el ID = 6
2022-11-20 23:50:06.586  INFO 16732 --- [reactor-http-nio-1] c.m.service.impl.PersonServiceImpl       : Persona encontrada con el ID = 5
2022-11-20 23:50:08.148  INFO 16732 --- [reactor-http-nio-4] c.m.service.impl.PersonServiceImpl       : Persona encontrada con el ID = 4
2022-11-20 23:50:09.661  INFO 16732 --- [reactor-http-nio-4] c.m.service.impl.PersonServiceImpl       : Persona encontrada con el ID = 3
2022-11-20 23:50:11.166  INFO 16732 --- [reactor-http-nio-1] c.m.service.impl.PersonServiceImpl       : Persona encontrada con el ID = 2
2022-11-20 23:50:12.671  INFO 16732 --- [reactor-http-nio-4] c.m.service.impl.PersonServiceImpl       : Persona encontrada con el ID = 1
